<?xml version="1.0" encoding="UTF-8"?>
<!-- Generated by org.testng.reporters.JUnitXMLReporter -->
<testsuite ignored="1" hostname="VISHALS" failures="0" tests="3" name="Test" time="0.058" errors="0" timestamp="2026-09-15T10:15:24 IST">
  <testcase classname="Testcases.Test1" name="runTestOne" time="0.009"/>
  <testcase classname="Testcases.Test2" name="runTestOne" time="0.002"/>
  <testcase classname="Testcases.Test2" name="runTestTwo" time="0.001"/>
  <testcase classname="Testcases.Test1" name="runTestTwo" time="0.0">
    <ignored/>
  </testcase> <!-- runTestTwo -->
</testsuite> <!-- Test -->
