<?xml version="1.0" encoding="UTF-8"?>
<testng-results ignored="1" total="4" passed="3" failed="0" skipped="0">
  <reporter-output>
  </reporter-output>
  <suite started-at="2026-09-15T10:15:24 IST" name="Suite" finished-at="2026-09-15T10:15:24 IST" duration-ms="58">
    <groups>
    </groups>
    <test started-at="2026-09-15T10:15:24 IST" name="Test" finished-at="2026-09-15T10:15:24 IST" duration-ms="58">
      <class name="Testcases.Test1">
        <test-method signature="runTestOne()[pri:0, instance:Testcases.Test1@351d00c0]" started-at="2026-09-15T10:15:24 IST" name="runTestOne" finished-at="2026-09-15T10:15:24 IST" duration-ms="9" status="PASS">
          <reporter-output>
          </reporter-output>
        </test-method> <!-- runTestOne -->
      </class> <!-- Testcases.Test1 -->
      <class name="Testcases.Test2">
        <test-method signature="runTestOne()[pri:0, instance:Testcases.Test2@145f66e3]" started-at="2026-09-15T10:15:24 IST" name="runTestOne" finished-at="2026-09-15T10:15:24 IST" duration-ms="2" status="PASS">
          <reporter-output>
          </reporter-output>
        </test-method> <!-- runTestOne -->
        <test-method signature="runTestTwo()[pri:0, instance:Testcases.Test2@145f66e3]" started-at="2026-09-15T10:15:24 IST" name="runTestTwo" finished-at="2026-09-15T10:15:24 IST" duration-ms="1" status="PASS">
          <reporter-output>
          </reporter-output>
        </test-method> <!-- runTestTwo -->
      </class> <!-- Testcases.Test2 -->
    </test> <!-- Test -->
  </suite> <!-- Suite -->
</testng-results>
